{
  "RSpec": {
    "coverage": {
      "/home/smiling-acrobat-8483/tic-tac-toe-rb-ruby-apply-000/lib/tic_tac_toe.rb": [
        null,
        1,
        null,
        null,
        null,
        null,
        null,
        null,
        null,
        null,
        null,
        1,
        20,
        20,
        20,
        20,
        20,
        null,
        null,
        1,
        18,
        null,
        null,
        1,
        19,
        null,
        null,
        1,
        4,
        null,
        null,
        1,
        17,
        0,
        0,
        null,
        0,
        null,
        null,
        null,
        17,
        15,
        15,
        15,
        15,
        15,
        15,
        null,
        0,
        null,
        null,
        null,
        17,
        15,
        15,
        135,
        13,
        null,
        null,
        15,
        null,
        null,
        17,
        14,
        null,
        null,
        17,
        null,
        48,
        253,
        253,
        253,
        null,
        253,
        253,
        253,
        null,
        253,
        20,
        233,
        5,
        null,
        228,
        null,
        null,
        null,
        null,
        17,
        77,
        6,
        null,
        6,
        null,
        null,
        null,
        17,
        19,
        5,
        null,
        14,
        null,
        null,
        null,
        17,
        17,
        10,
        null,
        7,
        null,
        null,
        null,
        17,
        8,
        7,
        null,
        null,
        null,
        17,
        12,
        13,
        13,
        null,
        12,
        6,
        null,
        6,
        null,
        null,
        null
      ]
    },
    "timestamp": 1599755426
  }
}
